<?xml version="1.0" encoding="UTF-8"?>
<!-- Generated by org.testng.reporters.JUnitXMLReporter -->
<testsuite ignored="0" hostname="DESKTOP-PTVJH6L" failures="0" tests="3" name="Default test" time="9.956" errors="0" timestamp="2024-01-27T22:36:58 IST">
  <testcase classname="restassured.restassuredd.Fetch_create_pudate" name="fetchdata" time="7.965"/>
  <testcase classname="restassured.restassuredd.Fetch_create_pudate" name="createdata" time="1.189"/>
  <testcase classname="restassured.restassuredd.Fetch_create_pudate" name="updatedata" time="0.64"/>
</testsuite> <!-- Default test -->
